<?xml version="1.0" encoding="UTF-8"?>
<!-- Generated by org.testng.reporters.JUnitReportReporter -->
<testsuite hostname="DESKTOP-TBNQDBC" failures="0" tests="1" name="DataDrivenTest.Get_Post_HashMap$GetAndPostExamples" time="0.009" errors="0" timestamp="2021-12-12T19:24:58 BDT" skipped="0">
  <testcase classname="DataDrivenTest.Get_Post_HashMap$GetAndPostExamples" name="postTest" time="0.009"/>
  <system-out/>
</testsuite> <!-- DataDrivenTest.Get_Post_HashMap$GetAndPostExamples -->
