<?xml version="1.0" encoding="UTF-8"?>
<!-- Generated by org.testng.reporters.JUnitReportReporter -->
<testsuite hostname="DESKTOP-TBNQDBC" failures="0" tests="1" name="FakeAPI.Test_DELETE" time="2.344" errors="0" timestamp="2021-12-11T20:19:09 BDT" skipped="0">
  <testcase classname="FakeAPI.Test_DELETE" name="test_delete" time="2.344"/>
  <system-out/>
</testsuite> <!-- FakeAPI.Test_DELETE -->
