<?xml version="1.0" encoding="UTF-8"?>
<!-- Generated by org.testng.reporters.JUnitReportReporter -->
<testsuite hostname="DESKTOP-TBNQDBC" failures="0" tests="2" name="DataDrivenTest.Test_DELETE" time="2.114" errors="0" timestamp="2021-12-12T12:12:21 BDT" skipped="0">
  <testcase classname="DataDrivenTest.Test_DELETE" name="test_delete" time="2.053"/>
  <system-out/>
  <testcase classname="DataDrivenTest.Test_DELETE" name="test_delete" time="0.061"/>
  <system-out/>
</testsuite> <!-- DataDrivenTest.Test_DELETE -->
