<?xml version="1.0" encoding="UTF-8"?>
<!-- Generated by org.testng.reporters.JUnitReportReporter -->
<testsuite hostname="DESKTOP-TBNQDBC" failures="0" tests="2" name="Test_01_GET" time="3.238" errors="0" timestamp="2021-12-11T12:26:15 BDT" skipped="0">
  <testcase classname="Test_01_GET" name="Test_01" time="3.063"/>
  <system-out/>
  <testcase classname="Test_01_GET" name="Test_02" time="0.175"/>
  <system-out/>
</testsuite> <!-- Test_01_GET -->
