<?xml version="1.0" encoding="UTF-8"?>
<!-- Generated by org.testng.reporters.JUnitReportReporter -->
<testsuite hostname="DESKTOP-TBNQDBC" failures="0" tests="1" name="Test_DELETE" time="3.092" errors="0" timestamp="2021-12-11T15:44:59 BDT" skipped="0">
  <testcase classname="Test_DELETE" name="test_POST" time="3.092"/>
  <system-out/>
</testsuite> <!-- Test_DELETE -->
