<?xml version="1.0" encoding="UTF-8"?>
<!-- Generated by org.testng.reporters.JUnitReportReporter -->
<testsuite hostname="DESKTOP-TBNQDBC" failures="0" tests="1" name="Test_GET" time="3.246" errors="0" timestamp="2021-12-11T15:09:01 BDT" skipped="0">
  <testcase classname="Test_GET" name="Test_get" time="3.246"/>
  <system-out/>
</testsuite> <!-- Test_GET -->
