<?xml version="1.0" encoding="UTF-8"?>
<!-- Generated by org.testng.reporters.JUnitReportReporter -->
<testsuite hostname="DESKTOP-TBNQDBC" failures="0" tests="1" name="FakeAPI.FakeAPI_GETTest" time="2.911" errors="0" timestamp="2021-12-11T19:53:07 BDT" skipped="0">
  <testcase classname="FakeAPI.FakeAPI_GETTest" name="Test_01" time="2.911"/>
  <system-out/>
</testsuite> <!-- FakeAPI.FakeAPI_GETTest -->
