<?xml version="1.0" encoding="UTF-8"?>
<!-- Generated by org.testng.reporters.JUnitReportReporter -->
<testsuite hostname="DESKTOP-TBNQDBC" failures="0" tests="1" name="FakeAPI.Test_PUT" time="2.191" errors="0" timestamp="2021-12-11T20:11:16 BDT" skipped="0">
  <testcase classname="FakeAPI.Test_PUT" name="test_put" time="2.191"/>
  <system-out/>
</testsuite> <!-- FakeAPI.Test_PUT -->
