<?xml version="1.0" encoding="UTF-8"?>
<!-- Generated by org.testng.reporters.JUnitReportReporter -->
<testsuite hostname="DESKTOP-TBNQDBC" failures="0" tests="3" name="DataDrivenTest.Test_POST" time="2.261" errors="0" timestamp="2021-12-12T12:37:28 BDT" skipped="0">
  <testcase classname="DataDrivenTest.Test_POST" name="test_POST_DDT" time="0.061"/>
  <system-out/>
  <testcase classname="DataDrivenTest.Test_POST" name="test_POST_DDT" time="0.097"/>
  <system-out/>
  <testcase classname="DataDrivenTest.Test_POST" name="test_POST_DDT" time="2.103"/>
  <system-out/>
</testsuite> <!-- DataDrivenTest.Test_POST -->
