<?xml version="1.0" encoding="UTF-8"?>
<!-- Generated by org.testng.reporters.JUnitReportReporter -->
<testsuite hostname="DESKTOP-TBNQDBC" failures="0" tests="1" name="FakeAPI.Test_POST" time="2.534" errors="0" timestamp="2021-12-11T19:57:03 BDT" skipped="0">
  <testcase classname="FakeAPI.Test_POST" name="test_POST" time="2.534"/>
  <system-out/>
</testsuite> <!-- FakeAPI.Test_POST -->
