<?xml version="1.0" encoding="UTF-8"?>
<!-- Generated by org.testng.reporters.JUnitReportReporter -->
<testsuite hostname="DESKTOP-TBNQDBC" failures="0" tests="1" name="Test_PUT" time="3.125" errors="0" timestamp="2021-12-11T15:31:21 BDT" skipped="0">
  <testcase classname="Test_PUT" name="test_POST" time="3.125"/>
  <system-out/>
</testsuite> <!-- Test_PUT -->
